Starting the Apache2.2 service
The Apache2.2 service is running.
] Apache/2.2.21 (Win32) configured -- resuming normal operations
[Sun Jan 08 11:02:49 2012] [notice] Server built: Sep  9 2011 10:26:10
[Sun Jan 08 11:02:49 2012] [notice] Parent: Created child process 3560
[Sun Jan 08 11:02:49 2012] [notice] Child 3560: Child process is running
[Sun Jan 08 11:02:49 2012] [notice] Child 3560: Acquired the start mutex.
[Sun Jan 08 11:02:49 2012] [notice] Child 3560: Starting 64 worker threads.
[Sun Jan 08 11:02:49 2012] [notice] Child 3560: Starting thread to listen on port 80.
[Sun Jan 08 11:02:56 2012] [notice] Parent: Received shutdown signal -- Shutting down the server.
[Sun Jan 08 11:02:56 2012] [notice] Child 3560: Exit event signaled. Child process is ending.
[Sun Jan 08 11:02:57 2012] [notice] Child 3560: Released the start mutex
[Sun Jan 08 11:02:58 2012] [notice] Child 3560: All worker threads have exited.
[Sun Jan 08 11:02:58 2012] [notice] Child 3560: Child process is exiting
[Sun Jan 08 11:02:58 2012] [notice] Parent: Child process exited successfully.
[Sun Jan 08 11:03:29 2012] [notice] Apache/2.2.21 (Win32) configured -- resuming normal operations
[Sun Jan 08 11:03:29 2012] [notice] Server built: Sep  9 2011 10:26:10
[Sun Jan 08 11:03:29 2012] [notice] Parent: Created child process 3788
[Sun Jan 08 11:03:29 2012] [notice] Child 3788: Child process is running
[Sun Jan 08 11:03:29 2012] [notice] Child 3788: Acquired the start mutex.
[Sun Jan 08 11:03:29 2012] [notice] Child 3788: Starting 64 worker threads.
[Sun Jan 08 11:03:29 2012] [notice] Child 3788: Starting thread to listen on port 80.
[Sun Jan 08 11:04:12 2012] [notice] Parent: Received shutdown signal -- Shutting down the server.
[Sun Jan 08 11:04:12 2012] [notice] Child 3788: Exit event signaled. Child process is ending.
[Sun Jan 08 11:04:13 2012] [notice] Child 3788: Released the start mutex
[Sun Jan 08 11:04:14 2012] [notice] Child 3788: All worker threads have exited.
[Sun Jan 08 11:04:14 2012] [notice] Child 3788: Child process is exiting
[Sun Jan 08 11:04:14 2012] [notice] Parent: Child process exited successfully.
[Sun Jan 08 11:07:36 2012] [notice] Apache/2.2.21 (Win32) configured -- resuming normal operations
[Sun Jan 08 11:07:36 2012] [notice] Server built: Sep  9 2011 10:26:10
[Sun Jan 08 11:07:36 2012] [notice] Parent: Created child process 2900
[Sun Jan 08 11:07:36 2012] [notice] Child 2900: Child process is running
[Sun Jan 08 11:07:36 2012] [notice] Child 2900: Acquired the start mutex.
[Sun Jan 08 11:07:36 2012] [notice] Child 2900: Starting 64 worker threads.
[Sun Jan 08 11:07:37 2012] [notice] Child 2900: Starting thread to listen on port 80.
[Sun Jan 08 11:11:04 2012] [error] [client 127.0.0.1] File does not exist: C:/Program Files/Apache Software Foundation/Apache2.2/htdocs/printenv.pl
[Sun Jan 08 11:11:14 2012] [error] [client 127.0.0.1] (OS 3)The system cannot find the path specified.  : couldn't create child process: 720003: printenv.pl
[Sun Jan 08 11:11:14 2012] [error] [client 127.0.0.1] (OS 3)The system cannot find the path specified.  : couldn't spawn child process: C:/Program Files/Apache Software Foundation/Apache2.2/cgi-bin/printenv.pl
[Sun Jan 08 11:11:38 2012] [error] [client 127.0.0.1] script not found or unable to stat: C:/Program Files/Apache Software Foundation/Apache2.2/cgi-bin/printenv
[Tue Jan 10 10:13:05 2012] [warn] pid file C:/Program Files/Apache Software Foundation/Apache2.2/logs/httpd.pid overwritten -- Unclean shutdown of previous Apache run?
[Tue Jan 10 10:13:05 2012] [notice] Apache/2.2.21 (Win32) configured -- resuming normal operations
[Tue Jan 10 10:13:05 2012] [notice] Server built: Sep  9 2011 10:26:10
[Tue Jan 10 10:13:05 2012] [notice] Parent: Created child process 1352
[Tue Jan 10 10:13:05 2012] [notice] Child 1352: Child process is running
[Tue Jan 10 10:13:05 2012] [notice] Child 1352: Acquired the start mutex.
[Tue Jan 10 10:13:05 2012] [notice] Child 1352: Starting 64 worker threads.
[Tue Jan 10 10:13:05 2012] [notice] Child 1352: Starting thread to listen on port 80.
[Thu Jan 12 14:07:28 2012] [warn] pid file C:/Program Files/Apache Software Foundation/Apache2.2/logs/httpd.pid overwritten -- Unclean shutdown of previous Apache run?
[Thu Jan 12 14:07:29 2012] [notice] Apache/2.2.21 (Win32) configured -- resuming normal operations
[Thu Jan 12 14:07:29 2012] [notice] Server built: Sep  9 2011 10:26:10
[Thu Jan 12 14:07:29 2012] [notice] Parent: Created child process 2088
[Thu Jan 12 14:07:29 2012] [notice] Child 2088: Child process is running
[Thu Jan 12 14:07:29 2012] [notice] Child 2088: Acquired the start mutex.
[Thu Jan 12 14:07:29 2012] [notice] Child 2088: Starting 64 worker threads.
[Thu Jan 12 14:07:29 2012] [notice] Child 2088: Starting thread to listen on port 80.
[Thu Jan 12 14:20:24 2012] [error] [client 127.0.0.1] File does not exist: C:/Program Files/Apache Software Foundation/Apache2.2/htdocs/WebTours
[Thu Jan 12 14:20:24 2012] [error] [client 127.0.0.1] File does not exist: C:/Program Files/Apache Software Foundation/Apache2.2/htdocs/favicon.ico
[Thu Jan 12 14:20:34 2012] [error] [client 127.0.0.1] File does not exist: C:/Program Files/Apache Software Foundation/Apache2.2/htdocs/WebTours
[Thu Jan 12 14:20:39 2012] [error] [client 127.0.0.1] File does not exist: C:/Program Files/Apache Software Foundation/Apache2.2/htdocs/WebTours
[Thu Jan 12 14:27:50 2012] [notice] Parent: Received shutdown signal -- Shutting down the server.
[Thu Jan 12 14:27:50 2012] [notice] Child 2088: Exit event signaled. Child process is ending.
[Thu Jan 12 14:27:50 2012] [notice] Child 2088: Released the start mutex
[Thu Jan 12 14:27:51 2012] [notice] Child 2088: All worker threads have exited.
[Thu Jan 12 14:27:51 2012] [notice] Child 2088: Child process is exiting
[Thu Jan 12 14:27:51 2012] [notice] Parent: Child process exited successfully.
[Thu Jan 12 14:27:52 2012] [notice] Apache/2.2.21 (Win32) configured -- resuming normal operations
[Thu Jan 12 14:27:52 2012] [notice] Server built: Sep  9 2011 10:26:10
[Thu Jan 12 14:27:52 2012] [notice] Parent: Created child process 3632
Apache server interrupted...
otice] Child 3632: Child process is running
[Thu Jan 12 14:27:52 2012] [notice] Child 3632: Acquired the start mutex.
[Thu Jan 12 14:27:52 2012] [notice] Child 3632: Starting 64 worker threads.
[Thu Jan 12 14:27:52 2012] [notice] Child 3632: Starting thread to listen on port 80.
[Thu Jan 12 14:28:15 2012] [notice] Parent: Received shutdown signal -- Shutting down the server.
Apache server interrupted...
Apache server interrupted...
Apache server interrupted...
Apache server interrupted...
Apache server interrupted...
Apache server interrupted...
Apache server interrupted...
Apache server interrupted...
Apache server interrupted...
Apache server interrupted...
Apache server interrupted...
Apache server interrupted...
Apache server interrupted...
Apache server interrupted...
Apache server interrupted...
Apache server interrupted...
Apache server interrupted...
Apache server interrupted...
Apache server interrupted...
Apache server interrupted...
Apache server interrupted...
Apache server interrupted...
Apache server interrupted...
Apache server interrupted...
Apache server interrupted...
Apache server interrupted...
Apache server interrupted...
Apache server interrupted...
Apache server interrupted...
[Thu Jan 12 14:28:17 2012] [notice] Child 3632: All worker threads have exited.
[Thu Jan 12 14:28:17 2012] [notice] Child 3632: Child process is exiting
[Thu Jan 12 14:28:17 2012] [notice] Parent: Child process exited successfully.
Starting the Apache2.2 service
The Apache2.2 service is running.
] Apache/2.2.21 (Win32) configured -- resuming normal operations
[Thu Jan 12 14:28:38 2012] [notice] Server built: Sep  9 2011 10:26:10
[Thu Jan 12 14:28:38 2012] [notice] Parent: Created child process 3784
[Thu Jan 12 14:28:38 2012] [notice] Child 3784: Child process is running
[Thu Jan 12 14:28:38 2012] [notice] Child 3784: Acquired the start mutex.
[Thu Jan 12 14:28:38 2012] [notice] Child 3784: Starting 64 worker threads.
[Thu Jan 12 14:28:38 2012] [notice] Child 3784: Starting thread to listen on port 80.
[Thu Jan 12 14:29:29 2012] [notice] Parent: Received shutdown signal -- Shutting down the server.
[Thu Jan 12 14:29:29 2012] [notice] Child 3784: Exit event signaled. Child process is ending.
[Thu Jan 12 14:29:31 2012] [notice] Child 3784: Released the start mutex
[Thu Jan 12 14:29:32 2012] [notice] Child 3784: All worker threads have exited.
[Thu Jan 12 14:29:32 2012] [notice] Child 3784: Child process is exiting
[Thu Jan 12 14:29:32 2012] [notice] Parent: Child process exited successfully.
[Sat May 22 18:44:51 2021] [notice] Apache/2.2.21 (Win32) configured -- resuming normal operations
[Sat May 22 18:44:51 2021] [notice] Server built: Sep  9 2011 10:26:10
[Sat May 22 18:44:51 2021] [notice] Parent: Created child process 3396
Apache server interrupted...
otice] Child 3396: Child process is running
[Sat May 22 18:44:52 2021] [notice] Child 3396: Acquired the start mutex.
[Sat May 22 18:44:52 2021] [notice] Child 3396: Starting 64 worker threads.
[Sat May 22 18:44:52 2021] [notice] Child 3396: Starting thread to listen on port 1080.
[Sat May 22 18:48:27 2021] [error] [client 127.0.0.1] Directory index forbidden by Options directive: C:/Users/anupnair9/Documents/PERFORMANCE_TESTING/JMETER/Demo Application/WebTours/htdocs/
[Sat May 22 18:48:28 2021] [error] [client 127.0.0.1] File does not exist: C:/Users/anupnair9/Documents/PERFORMANCE_TESTING/JMETER/Demo Application/WebTours/htdocs/favicon.ico, referer: http://localhost:1080/
[Sat May 22 18:56:08 2021] [error] [client 127.0.0.1] (OS 2)The system cannot find the file specified.  : couldn't create child process: 720002: login.pl, referer: http://localhost:1080/webtours/home.html
[Sat May 22 18:56:08 2021] [error] [client 127.0.0.1] (OS 2)The system cannot find the file specified.  : couldn't spawn child process: C:/Users/anupnair9/Documents/PERFORMANCE_TESTING/JMETER/Demo Application/WebTours/cgi-bin/login.pl, referer: http://localhost:1080/webtours/home.html
[Sat May 22 18:56:18 2021] [error] [client 127.0.0.1] (OS 2)The system cannot find the file specified.  : couldn't create child process: 720002: login.pl, referer: http://localhost:1080/webtours/home.html
[Sat May 22 18:56:18 2021] [error] [client 127.0.0.1] (OS 2)The system cannot find the file specified.  : couldn't spawn child process: C:/Users/anupnair9/Documents/PERFORMANCE_TESTING/JMETER/Demo Application/WebTours/cgi-bin/login.pl, referer: http://localhost:1080/webtours/home.html
[Sat May 22 18:56:31 2021] [error] [client 127.0.0.1] (OS 2)The system cannot find the file specified.  : couldn't create child process: 720002: admin.pl, referer: http://localhost:1080/webtours/home.html
[Sat May 22 18:56:31 2021] [error] [client 127.0.0.1] (OS 2)The system cannot find the file specified.  : couldn't spawn child process: C:/Users/anupnair9/Documents/PERFORMANCE_TESTING/JMETER/Demo Application/WebTours/cgi-bin/admin.pl, referer: http://localhost:1080/webtours/home.html
[Sat May 22 19:00:03 2021] [error] [client 127.0.0.1] File does not exist: C:/Users/anupnair9/Documents/PERFORMANCE_TESTING/JMETER/Demo Application/WebTours/htdocs/favicon.ico, referer: http://localhost:1080/webtours/home.html
[Sat May 22 19:00:06 2021] [error] [client 127.0.0.1] (OS 2)The system cannot find the file specified.  : couldn't create child process: 720002: login.pl, referer: http://localhost:1080/webtours/home.html
[Sat May 22 19:00:06 2021] [error] [client 127.0.0.1] (OS 2)The system cannot find the file specified.  : couldn't spawn child process: C:/Users/anupnair9/Documents/PERFORMANCE_TESTING/JMETER/Demo Application/WebTours/cgi-bin/login.pl, referer: http://localhost:1080/webtours/home.html
[Sat May 22 19:00:27 2021] [error] [client 127.0.0.1] File does not exist: C:/Users/anupnair9/Documents/PERFORMANCE_TESTING/JMETER/Demo Application/WebTours/htdocs/webtours.html
[Sat May 22 19:00:27 2021] [error] [client 127.0.0.1] File does not exist: C:/Users/anupnair9/Documents/PERFORMANCE_TESTING/JMETER/Demo Application/WebTours/htdocs/favicon.ico, referer: http://localhost:1080/webtours.html
[Sat May 22 19:00:50 2021] [error] [client 127.0.0.1] (OS 2)The system cannot find the file specified.  : couldn't create child process: 720002: login.pl, referer: http://localhost:1080/webtours/home.html
[Sat May 22 19:00:50 2021] [error] [client 127.0.0.1] (OS 2)The system cannot find the file specified.  : couldn't spawn child process: C:/Users/anupnair9/Documents/PERFORMANCE_TESTING/JMETER/Demo Application/WebTours/cgi-bin/login.pl, referer: http://localhost:1080/webtours/home.html
[Sat May 22 19:01:08 2021] [notice] Parent: Received shutdown signal -- Shutting down the server.
[Sat May 22 19:01:08 2021] [notice] Child 3396: Exit event signaled. Child process is ending.
[Sat May 22 19:01:09 2021] [notice] Child 3396: Released the start mutex
[Sat May 22 19:01:10 2021] [notice] Child 3396: All worker threads have exited.
[Sat May 22 19:01:10 2021] [notice] Child 3396: Child process is exiting
[Sat May 22 19:01:10 2021] [notice] Parent: Child process exited successfully.
[Sat May 22 19:06:02 2021] [notice] Apache/2.2.21 (Win32) configured -- resuming normal operations
[Sat May 22 19:06:02 2021] [notice] Server built: Sep  9 2011 10:26:10
[Sat May 22 19:06:02 2021] [notice] Parent: Created child process 26808
Apache server shutdown initiated...
Child 26808: Child process is running
[Sat May 22 19:06:02 2021] [notice] Child 26808: Acquired the start mutex.
[Sat May 22 19:06:02 2021] [notice] Child 26808: Starting 64 worker threads.
[Sat May 22 19:06:02 2021] [notice] Child 26808: Starting thread to listen on port 1080.
[Sat May 22 19:06:05 2021] [error] [client 127.0.0.1] File does not exist: C:/Users/anupnair9/Documents/PERFORMANCE_TESTING/JMETER/Demo Application/WebTours/htdocs/WebTours/index.html
[Sat May 22 19:06:10 2021] [error] [client 127.0.0.1] File does not exist: C:/Users/anupnair9/Documents/PERFORMANCE_TESTING/JMETER/Demo Application/WebTours/htdocs/WebTours/index.html
[Sat May 22 19:06:12 2021] [error] [client 127.0.0.1] File does not exist: C:/Users/anupnair9/Documents/PERFORMANCE_TESTING/JMETER/Demo Application/WebTours/htdocs/WebTours/index.html
[Sat May 22 19:06:23 2021] [error] [client 127.0.0.1] (OS 2)The system cannot find the file specified.  : couldn't create child process: 720002: login.pl, referer: http://localhost:1080/webtours/home.html
[Sat May 22 19:06:23 2021] [error] [client 127.0.0.1] (OS 2)The system cannot find the file specified.  : couldn't spawn child process: C:/Users/anupnair9/Documents/PERFORMANCE_TESTING/JMETER/Demo Application/WebTours/cgi-bin/login.pl, referer: http://localhost:1080/webtours/home.html
[Sat May 22 19:06:36 2021] [error] [client 127.0.0.1] File does not exist: C:/Users/anupnair9/Documents/PERFORMANCE_TESTING/JMETER/Demo Application/WebTours/htdocs/WebTours/index.html
[Sat May 22 19:06:41 2021] [notice] Parent: Received shutdown signal -- Shutting down the server.
[Sat May 22 19:06:41 2021] [notice] Child 26808: Exit event signaled. Child process is ending.
[Sat May 22 19:06:42 2021] [notice] Child 26808: Released the start mutex
[Sat May 22 19:07:13 2021] [notice] Child 26808: Waiting 270 more seconds for 1 worker threads to finish.
[Sat May 22 19:07:43 2021] [notice] Child 26808: Waiting 240 more seconds for 1 worker threads to finish.
[Sat May 22 19:08:14 2021] [notice] Child 26808: Waiting 210 more seconds for 1 worker threads to finish.
[Sat May 22 19:08:44 2021] [notice] Child 26808: Waiting 180 more seconds for 1 worker threads to finish.
[Sat May 22 19:09:03 2021] [notice] Child 26808: All worker threads have exited.
[Sat May 22 19:09:03 2021] [notice] Child 26808: Child process is exiting
